android-app/app/build/intermediates/manifest_merge_blame_file/release/processReleaseMainManifest/manifest-merger-blame-release-report.txt
1<?xml version="1.0" encoding="utf-8"?>
2<manifest xmlns:android="http://schemas.android.com/apk/res/android"
3    package="com.packethunter.mobile"
4    android:versionCode="1"
5    android:versionName="1.0.0" >
6
7    <uses-sdk
8        android:minSdkVersion="26"
9        android:targetSdkVersion="34" />
10
11    <!-- Network permissions -->
12    <uses-permission android:name="android.permission.INTERNET" />
12-->src/main/AndroidManifest.xml:6:5-67
12-->src/main/AndroidManifest.xml:6:22-64
13    <uses-permission android:name="android.permission.ACCESS_NETWORK_STATE" />
13-->src/main/AndroidManifest.xml:7:5-79
13-->src/main/AndroidManifest.xml:7:22-76
14    <uses-permission android:name="android.permission.ACCESS_WIFI_STATE" />
14-->src/main/AndroidManifest.xml:8:5-76
14-->src/main/AndroidManifest.xml:8:22-73
15    <uses-permission android:name="android.permission.ACCESS_FINE_LOCATION" />
15-->src/main/AndroidManifest.xml:9:5-79
15-->src/main/AndroidManifest.xml:9:22-76
16    <uses-permission android:name="android.permission.ACCESS_COARSE_LOCATION" />
16-->src/main/AndroidManifest.xml:10:5-81
16-->src/main/AndroidManifest.xml:10:22-78
17
18    <!-- VPN Service permission -->
19    <uses-permission android:name="android.permission.BIND_VPN_SERVICE" />
19-->src/main/AndroidManifest.xml:13:5-14:47
19-->src/main/AndroidManifest.xml:13:22-72
20
21    <!-- Storage permissions for export -->
22    <uses-permission
22-->src/main/AndroidManifest.xml:17:5-18:38
23        android:name="android.permission.READ_EXTERNAL_STORAGE"
23-->src/main/AndroidManifest.xml:17:22-77
24        android:maxSdkVersion="32" />
24-->src/main/AndroidManifest.xml:18:9-35
25    <uses-permission
25-->src/main/AndroidManifest.xml:19:5-21:40
26        android:name="android.permission.WRITE_EXTERNAL_STORAGE"
26-->src/main/AndroidManifest.xml:19:22-78
27        android:maxSdkVersion="32" />
27-->src/main/AndroidManifest.xml:20:9-35
28
29    <!-- Notification permission for Android 13+ -->
30    <uses-permission android:name="android.permission.POST_NOTIFICATIONS" />
30-->src/main/AndroidManifest.xml:24:5-77
30-->src/main/AndroidManifest.xml:24:22-74
31
32    <!-- Network stats permission for per-app data usage (optional but recommended) -->
33    <uses-permission android:name="android.permission.PACKAGE_USAGE_STATS" />
33-->src/main/AndroidManifest.xml:27:5-28:47
33-->src/main/AndroidManifest.xml:27:22-75
34
35    <!-- Foreground service -->
36    <uses-permission android:name="android.permission.FOREGROUND_SERVICE" />
36-->src/main/AndroidManifest.xml:31:5-32:54
36-->src/main/AndroidManifest.xml:31:22-74
37    <uses-permission android:name="android.permission.FOREGROUND_SERVICE_DATA_SYNC" />
37-->src/main/AndroidManifest.xml:33:5-87
37-->src/main/AndroidManifest.xml:33:22-84
38    <uses-permission android:name="android.permission.FOREGROUND_SERVICE_SPECIAL_USE" />
38-->src/main/AndroidManifest.xml:34:5-89
38-->src/main/AndroidManifest.xml:34:22-86
39
40    <uses-feature
40-->[com.google.android.gms:play-services-maps:18.2.0] AndroidManifest.xml:26:5-28:35
41        android:glEsVersion="0x00020000"
41-->[com.google.android.gms:play-services-maps:18.2.0] AndroidManifest.xml:27:9-41
42        android:required="true" />
42-->[com.google.android.gms:play-services-maps:18.2.0] AndroidManifest.xml:28:9-32
43
44    <queries>
44-->[com.google.android.gms:play-services-maps:18.2.0] AndroidManifest.xml:30:5-34:15
45
46        <!-- Needs to be explicitly declared on Android R+ -->
47        <package android:name="com.google.android.apps.maps" />
47-->[com.google.android.gms:play-services-maps:18.2.0] AndroidManifest.xml:33:9-64
47-->[com.google.android.gms:play-services-maps:18.2.0] AndroidManifest.xml:33:18-61
48    </queries>
49
50    <permission
50-->[androidx.core:core:1.12.0] AndroidManifest.xml:22:5-24:47
51        android:name="com.packethunter.mobile.DYNAMIC_RECEIVER_NOT_EXPORTED_PERMISSION"
51-->[androidx.core:core:1.12.0] AndroidManifest.xml:23:9-81
52        android:protectionLevel="signature" />
52-->[androidx.core:core:1.12.0] AndroidManifest.xml:24:9-44
53
54    <uses-permission android:name="com.packethunter.mobile.DYNAMIC_RECEIVER_NOT_EXPORTED_PERMISSION" />
54-->[androidx.core:core:1.12.0] AndroidManifest.xml:26:5-97
54-->[androidx.core:core:1.12.0] AndroidManifest.xml:26:22-94
55
56    <application
56-->src/main/AndroidManifest.xml:36:5-90:19
57        android:appComponentFactory="androidx.core.app.CoreComponentFactory"
57-->[androidx.core:core:1.12.0] AndroidManifest.xml:28:18-86
58        android:extractNativeLibs="false"
59        android:icon="@mipmap/ic_launcher"
59-->src/main/AndroidManifest.xml:37:9-43
60        android:label="@string/app_name"
60-->src/main/AndroidManifest.xml:38:9-41
61        android:roundIcon="@mipmap/ic_launcher_round"
61-->src/main/AndroidManifest.xml:39:9-54
62        android:supportsRtl="true"
62-->src/main/AndroidManifest.xml:40:9-35
63        android:theme="@style/Theme.MobilePacketHunter"
63-->src/main/AndroidManifest.xml:41:9-56
64        android:usesCleartextTraffic="true" >
64-->src/main/AndroidManifest.xml:42:9-44
65
66        <!-- Google Maps API Key -->
67        <meta-data
67-->src/main/AndroidManifest.xml:46:9-48:71
68            android:name="com.google.android.geo.API_KEY"
68-->src/main/AndroidManifest.xml:47:13-58
69            android:value="AIzaSyD6oFiJAI8rWBV5d-EHqPYZ-VwDVRwFunI" />
69-->src/main/AndroidManifest.xml:48:13-68
70
71        <!-- Main Activity -->
72        <activity
72-->src/main/AndroidManifest.xml:51:9-59:20
73            android:name="com.packethunter.mobile.MainActivity"
73-->src/main/AndroidManifest.xml:52:13-41
74            android:exported="true"
74-->src/main/AndroidManifest.xml:53:13-36
75            android:theme="@style/Theme.MobilePacketHunter" >
75-->src/main/AndroidManifest.xml:54:13-60
76            <intent-filter>
76-->src/main/AndroidManifest.xml:55:13-58:29
77                <action android:name="android.intent.action.MAIN" />
77-->src/main/AndroidManifest.xml:56:17-69
77-->src/main/AndroidManifest.xml:56:25-66
78
79                <category android:name="android.intent.category.LAUNCHER" />
79-->src/main/AndroidManifest.xml:57:17-77
79-->src/main/AndroidManifest.xml:57:27-74
80            </intent-filter>
81        </activity>
82
83        <!-- VPN Service -->
84        <service
84-->src/main/AndroidManifest.xml:62:9-77:19
85            android:name="com.packethunter.mobile.capture.PacketCaptureService"
85-->src/main/AndroidManifest.xml:63:13-57
86            android:exported="false"
86-->src/main/AndroidManifest.xml:65:13-37
87            android:foregroundServiceType="dataSync|specialUse"
87-->src/main/AndroidManifest.xml:66:13-64
88            android:permission="android.permission.BIND_VPN_SERVICE" >
88-->src/main/AndroidManifest.xml:64:13-69
89            <intent-filter>
89-->src/main/AndroidManifest.xml:68:13-70:29
90                <action android:name="android.net.VpnService" />
90-->src/main/AndroidManifest.xml:69:17-65
90-->src/main/AndroidManifest.xml:69:25-62
91            </intent-filter>
92
93            <meta-data
93-->src/main/AndroidManifest.xml:71:13-73:41
94                android:name="android.net.VpnService.SUPPORTS_ALWAYS_ON"
94-->src/main/AndroidManifest.xml:72:17-73
95                android:value="false" />
95-->src/main/AndroidManifest.xml:73:17-38
96
97            <property
97-->src/main/AndroidManifest.xml:74:13-76:95
98                android:name="android.app.PROPERTY_SPECIAL_USE_FGS_SUBTYPE"
98-->src/main/AndroidManifest.xml:75:17-76
99                android:value="Network packet capture and analysis for security monitoring" />
99-->src/main/AndroidManifest.xml:76:17-92
100        </service>
101
102        <!-- File Provider for sharing exports -->
103        <provider
104            android:name="androidx.core.content.FileProvider"
104-->src/main/AndroidManifest.xml:81:13-62
105            android:authorities="com.packethunter.mobile.fileprovider"
105-->src/main/AndroidManifest.xml:82:13-64
106            android:exported="false"
106-->src/main/AndroidManifest.xml:83:13-37
107            android:grantUriPermissions="true" >
107-->src/main/AndroidManifest.xml:84:13-47
108            <meta-data
108-->src/main/AndroidManifest.xml:86:13-88:54
109                android:name="android.support.FILE_PROVIDER_PATHS"
109-->src/main/AndroidManifest.xml:87:17-67
110                android:resource="@xml/file_paths" />
110-->src/main/AndroidManifest.xml:88:17-51
111        </provider>
112        <!-- Needs to be explicitly declared on P+ -->
113        <uses-library
113-->[com.google.android.gms:play-services-maps:18.2.0] AndroidManifest.xml:39:9-41:40
114            android:name="org.apache.http.legacy"
114-->[com.google.android.gms:play-services-maps:18.2.0] AndroidManifest.xml:40:13-50
115            android:required="false" />
115-->[com.google.android.gms:play-services-maps:18.2.0] AndroidManifest.xml:41:13-37
116
117        <activity
117-->[com.google.android.gms:play-services-base:18.0.1] AndroidManifest.xml:20:9-22:45
118            android:name="com.google.android.gms.common.api.GoogleApiActivity"
118-->[com.google.android.gms:play-services-base:18.0.1] AndroidManifest.xml:20:19-85
119            android:exported="false"
119-->[com.google.android.gms:play-services-base:18.0.1] AndroidManifest.xml:22:19-43
120            android:theme="@android:style/Theme.Translucent.NoTitleBar" />
120-->[com.google.android.gms:play-services-base:18.0.1] AndroidManifest.xml:21:19-78
121
122        <meta-data
122-->[com.google.android.gms:play-services-basement:18.0.0] AndroidManifest.xml:21:9-23:69
123            android:name="com.google.android.gms.version"
123-->[com.google.android.gms:play-services-basement:18.0.0] AndroidManifest.xml:22:13-58
124            android:value="@integer/google_play_services_version" />
124-->[com.google.android.gms:play-services-basement:18.0.0] AndroidManifest.xml:23:13-66
125
126        <provider
126-->[androidx.emoji2:emoji2:1.4.0] AndroidManifest.xml:24:9-32:20
127            android:name="androidx.startup.InitializationProvider"
127-->[androidx.emoji2:emoji2:1.4.0] AndroidManifest.xml:25:13-67
128            android:authorities="com.packethunter.mobile.androidx-startup"
128-->[androidx.emoji2:emoji2:1.4.0] AndroidManifest.xml:26:13-68
129            android:exported="false" >
129-->[androidx.emoji2:emoji2:1.4.0] AndroidManifest.xml:27:13-37
130            <meta-data
130-->[androidx.emoji2:emoji2:1.4.0] AndroidManifest.xml:29:13-31:52
131                android:name="androidx.emoji2.text.EmojiCompatInitializer"
131-->[androidx.emoji2:emoji2:1.4.0] AndroidManifest.xml:30:17-75
132                android:value="androidx.startup" />
132-->[androidx.emoji2:emoji2:1.4.0] AndroidManifest.xml:31:17-49
133            <meta-data
133-->[androidx.lifecycle:lifecycle-process:2.6.2] AndroidManifest.xml:29:13-31:52
134                android:name="androidx.lifecycle.ProcessLifecycleInitializer"
134-->[androidx.lifecycle:lifecycle-process:2.6.2] AndroidManifest.xml:30:17-78
135                android:value="androidx.startup" />
135-->[androidx.lifecycle:lifecycle-process:2.6.2] AndroidManifest.xml:31:17-49
136            <meta-data
136-->[androidx.profileinstaller:profileinstaller:1.3.0] AndroidManifest.xml:29:13-31:52
137                android:name="androidx.profileinstaller.ProfileInstallerInitializer"
137-->[androidx.profileinstaller:profileinstaller:1.3.0] AndroidManifest.xml:30:17-85
138                android:value="androidx.startup" />
138-->[androidx.profileinstaller:profileinstaller:1.3.0] AndroidManifest.xml:31:17-49
139        </provider>
140
141        <activity
141-->[androidx.compose.ui:ui-tooling-android:1.5.4] AndroidManifest.xml:23:9-25:39
142            android:name="androidx.compose.ui.tooling.PreviewActivity"
142-->[androidx.compose.ui:ui-tooling-android:1.5.4] AndroidManifest.xml:24:13-71
143            android:exported="true" />
143-->[androidx.compose.ui:ui-tooling-android:1.5.4] AndroidManifest.xml:25:13-36
144
145        <service
145-->[androidx.room:room-runtime:2.6.0] AndroidManifest.xml:24:9-28:63
146            android:name="androidx.room.MultiInstanceInvalidationService"
146-->[androidx.room:room-runtime:2.6.0] AndroidManifest.xml:25:13-74
147            android:directBootAware="true"
147-->[androidx.room:room-runtime:2.6.0] AndroidManifest.xml:26:13-43
148            android:exported="false" />
148-->[androidx.room:room-runtime:2.6.0] AndroidManifest.xml:27:13-37
149
150        <receiver
150-->[androidx.profileinstaller:profileinstaller:1.3.0] AndroidManifest.xml:34:9-52:20
151            android:name="androidx.profileinstaller.ProfileInstallReceiver"
151-->[androidx.profileinstaller:profileinstaller:1.3.0] AndroidManifest.xml:35:13-76
152            android:directBootAware="false"
152-->[androidx.profileinstaller:profileinstaller:1.3.0] AndroidManifest.xml:36:13-44
153            android:enabled="true"
153-->[androidx.profileinstaller:profileinstaller:1.3.0] AndroidManifest.xml:37:13-35
154            android:exported="true"
154-->[androidx.profileinstaller:profileinstaller:1.3.0] AndroidManifest.xml:38:13-36
155            android:permission="android.permission.DUMP" >
155-->[androidx.profileinstaller:profileinstaller:1.3.0] AndroidManifest.xml:39:13-57
156            <intent-filter>
156-->[androidx.profileinstaller:profileinstaller:1.3.0] AndroidManifest.xml:40:13-42:29
157                <action android:name="androidx.profileinstaller.action.INSTALL_PROFILE" />
157-->[androidx.profileinstaller:profileinstaller:1.3.0] AndroidManifest.xml:41:17-91
157-->[androidx.profileinstaller:profileinstaller:1.3.0] AndroidManifest.xml:41:25-88
158            </intent-filter>
159            <intent-filter>
159-->[androidx.profileinstaller:profileinstaller:1.3.0] AndroidManifest.xml:43:13-45:29
160                <action android:name="androidx.profileinstaller.action.SKIP_FILE" />
160-->[androidx.profileinstaller:profileinstaller:1.3.0] AndroidManifest.xml:44:17-85
160-->[androidx.profileinstaller:profileinstaller:1.3.0] AndroidManifest.xml:44:25-82
161            </intent-filter>
162            <intent-filter>
162-->[androidx.profileinstaller:profileinstaller:1.3.0] AndroidManifest.xml:46:13-48:29
163                <action android:name="androidx.profileinstaller.action.SAVE_PROFILE" />
163-->[androidx.profileinstaller:profileinstaller:1.3.0] AndroidManifest.xml:47:17-88
163-->[androidx.profileinstaller:profileinstaller:1.3.0] AndroidManifest.xml:47:25-85
164            </intent-filter>
165            <intent-filter>
165-->[androidx.profileinstaller:profileinstaller:1.3.0] AndroidManifest.xml:49:13-51:29
166                <action android:name="androidx.profileinstaller.action.BENCHMARK_OPERATION" />
166-->[androidx.profileinstaller:profileinstaller:1.3.0] AndroidManifest.xml:50:17-95
166-->[androidx.profileinstaller:profileinstaller:1.3.0] AndroidManifest.xml:50:25-92
167            </intent-filter>
168        </receiver>
169    </application>
170
171</manifest>